This file contains any messages produced by compilers while
running configure, to aid debugging if configure makes a mistake.

It was created by tesla configure 1.0, which was
generated by GNU Autoconf 2.63.  Invocation command line was

  $ ./configure 

## --------- ##
## Platform. ##
## --------- ##

hostname = BELC02KK1L0FFT3.sea.corp.expecn.com
uname -m = x86_64
uname -r = 13.4.0
uname -s = Darwin
uname -v = Darwin Kernel Version 13.4.0: Sun Aug 17 19:50:11 PDT 2014; root:xnu-2422.115.4~1/RELEASE_X86_64

/usr/bin/uname -p = i386
/bin/uname -X     = unknown

/bin/arch              = unknown
/usr/bin/arch -k       = unknown
/usr/convex/getsysinfo = unknown
/usr/bin/hostinfo      = Mach kernel version:
	 Darwin Kernel Version 13.4.0: Sun Aug 17 19:50:11 PDT 2014; root:xnu-2422.115.4~1/RELEASE_X86_64
Kernel configured for up to 8 processors.
4 processors are physically available.
8 processors are logically available.
Processor type: i486 (Intel 80486)
Processors active: 0 1 2 3 4 5 6 7
Primary memory available: 16.00 gigabytes
Default processor set: 216 tasks, 1168 threads, 8 processors
Load average: 1.95, Mach factor: 6.03
/bin/machine           = unknown
/usr/bin/oslevel       = unknown
/bin/universe          = unknown

PATH: /usr/local/apache-maven/apache-maven-3.2.3/bin
PATH: /usr/bin
PATH: /bin
PATH: /usr/sbin
PATH: /sbin
PATH: /usr/local/bin
PATH: /usr/local/git/bin


## ----------- ##
## Core tests. ##
## ----------- ##

configure:1931: checking for a BSD-compatible install
configure:1999: result: /usr/bin/install -c
configure:2010: checking whether build environment is sane
configure:2070: result: yes
configure:2211: checking for a thread-safe mkdir -p
configure:2250: result: ./install-sh -c -d
configure:2263: checking for gawk
configure:2293: result: no
configure:2263: checking for mawk
configure:2293: result: no
configure:2263: checking for nawk
configure:2293: result: no
configure:2263: checking for awk
configure:2279: found /usr/bin/awk
configure:2290: result: awk
configure:2301: checking whether make sets $(MAKE)
configure:2323: result: yes
configure:2469: checking for g++
configure:2485: found /usr/bin/g++
configure:2496: result: g++
configure:2523: checking for C++ compiler version
configure:2531: g++ --version >&5
i686-apple-darwin11-llvm-g++-4.2 (GCC) 4.2.1 (Based on Apple Inc. build 5658) (LLVM build 2335.15.00)
Copyright (C) 2007 Free Software Foundation, Inc.
This is free software; see the source for copying conditions.  There is NO
warranty; not even for MERCHANTABILITY or FITNESS FOR A PARTICULAR PURPOSE.

configure:2535: $? = 0
configure:2542: g++ -v >&5
Using built-in specs.
Target: i686-apple-darwin11
Configured with: /private/var/tmp/llvmgcc42/llvmgcc42-2335.15~25/src/configure --disable-checking --enable-werror --prefix=/Developer/usr/llvm-gcc-4.2 --mandir=/share/man --enable-languages=c,objc,c++,obj-c++ --program-prefix=llvm- --program-transform-name=/^[cg][^.-]*$/s/$/-4.2/ --with-slibdir=/usr/lib --build=i686-apple-darwin11 --enable-llvm=/private/var/tmp/llvmgcc42/llvmgcc42-2335.15~25/dst-llvmCore/Developer/usr/local --program-prefix=i686-apple-darwin11- --host=x86_64-apple-darwin11 --target=i686-apple-darwin11 --with-gxx-include-dir=/usr/include/c++/4.2.1
Thread model: posix
gcc version 4.2.1 (Based on Apple Inc. build 5658) (LLVM build 2335.15.00)
configure:2546: $? = 0
configure:2553: g++ -V >&5
llvm-g++-4.2: argument to `-V' is missing
configure:2557: $? = 1
configure:2580: checking for C++ compiler default output file name
configure:2602: g++    conftest.cpp  >&5
configure:2606: $? = 0
configure:2644: result: a.out
configure:2663: checking whether the C++ compiler works
configure:2673: ./a.out
configure:2677: $? = 0
configure:2696: result: yes
configure:2703: checking whether we are cross compiling
configure:2705: result: no
configure:2708: checking for suffix of executables
configure:2715: g++ -o conftest    conftest.cpp  >&5
configure:2719: $? = 0
configure:2745: result: 
configure:2751: checking for suffix of object files
configure:2777: g++ -c   conftest.cpp >&5
configure:2781: $? = 0
configure:2806: result: o
configure:2810: checking whether we are using the GNU C++ compiler
configure:2839: g++ -c   conftest.cpp >&5
configure:2846: $? = 0
configure:2863: result: yes
configure:2872: checking whether g++ accepts -g
configure:2902: g++ -c -g  conftest.cpp >&5
configure:2909: $? = 0
configure:3010: result: yes
configure:3044: checking for style of include used by make
configure:3072: result: GNU
configure:3097: checking dependency style of g++
configure:3207: result: gcc3
configure:3230: checking how to run the C++ preprocessor
configure:3266: g++ -E  conftest.cpp
configure:3273: $? = 0
configure:3304: g++ -E  conftest.cpp
conftest.cpp:10:28: error: ac_nonexistent.h: No such file or directory
configure:3311: $? = 1
configure: failed program was:
| /* confdefs.h.  */
| #define PACKAGE_NAME "tesla"
| #define PACKAGE_TARNAME "tesla"
| #define PACKAGE_VERSION "1.0"
| #define PACKAGE_STRING "tesla 1.0"
| #define PACKAGE_BUGREPORT "tela@expedia.com"
| #define PACKAGE "tesla"
| #define VERSION "1.0"
| /* end confdefs.h.  */
| #include <ac_nonexistent.h>
configure:3344: result: g++ -E
configure:3373: g++ -E  conftest.cpp
configure:3380: $? = 0
configure:3411: g++ -E  conftest.cpp
conftest.cpp:10:28: error: ac_nonexistent.h: No such file or directory
configure:3418: $? = 1
configure: failed program was:
| /* confdefs.h.  */
| #define PACKAGE_NAME "tesla"
| #define PACKAGE_TARNAME "tesla"
| #define PACKAGE_VERSION "1.0"
| #define PACKAGE_STRING "tesla 1.0"
| #define PACKAGE_BUGREPORT "tela@expedia.com"
| #define PACKAGE "tesla"
| #define VERSION "1.0"
| /* end confdefs.h.  */
| #include <ac_nonexistent.h>
configure:3458: checking for grep that handles long lines and -e
configure:3518: result: /usr/bin/grep
configure:3523: checking for egrep
configure:3587: result: /usr/bin/grep -E
configure:3592: checking for ANSI C header files
configure:3622: g++ -c -g -O2  conftest.cpp >&5
configure:3629: $? = 0
configure:3728: g++ -o conftest -g -O2   conftest.cpp  >&5
configure:3732: $? = 0
configure:3738: ./conftest
configure:3742: $? = 0
configure:3760: result: yes
configure:3784: checking for sys/types.h
configure:3805: g++ -c -g -O2  conftest.cpp >&5
configure:3812: $? = 0
configure:3829: result: yes
configure:3784: checking for sys/stat.h
configure:3805: g++ -c -g -O2  conftest.cpp >&5
configure:3812: $? = 0
configure:3829: result: yes
configure:3784: checking for stdlib.h
configure:3805: g++ -c -g -O2  conftest.cpp >&5
configure:3812: $? = 0
configure:3829: result: yes
configure:3784: checking for string.h
configure:3805: g++ -c -g -O2  conftest.cpp >&5
configure:3812: $? = 0
configure:3829: result: yes
configure:3784: checking for memory.h
configure:3805: g++ -c -g -O2  conftest.cpp >&5
configure:3812: $? = 0
configure:3829: result: yes
configure:3784: checking for strings.h
configure:3805: g++ -c -g -O2  conftest.cpp >&5
configure:3812: $? = 0
configure:3829: result: yes
configure:3784: checking for inttypes.h
configure:3805: g++ -c -g -O2  conftest.cpp >&5
configure:3812: $? = 0
configure:3829: result: yes
configure:3784: checking for stdint.h
configure:3805: g++ -c -g -O2  conftest.cpp >&5
configure:3812: $? = 0
configure:3829: result: yes
configure:3784: checking for unistd.h
configure:3805: g++ -c -g -O2  conftest.cpp >&5
configure:3812: $? = 0
configure:3829: result: yes
configure:3853: checking cstdint usability
configure:3870: g++ -c -g -O2  conftest.cpp >&5
conftest.cpp:53:19: error: cstdint: No such file or directory
configure:3877: $? = 1
configure: failed program was:
| /* confdefs.h.  */
| #define PACKAGE_NAME "tesla"
| #define PACKAGE_TARNAME "tesla"
| #define PACKAGE_VERSION "1.0"
| #define PACKAGE_STRING "tesla 1.0"
| #define PACKAGE_BUGREPORT "tela@expedia.com"
| #define PACKAGE "tesla"
| #define VERSION "1.0"
| #define STDC_HEADERS 1
| #define HAVE_SYS_TYPES_H 1
| #define HAVE_SYS_STAT_H 1
| #define HAVE_STDLIB_H 1
| #define HAVE_STRING_H 1
| #define HAVE_MEMORY_H 1
| #define HAVE_STRINGS_H 1
| #define HAVE_INTTYPES_H 1
| #define HAVE_STDINT_H 1
| #define HAVE_UNISTD_H 1
| /* end confdefs.h.  */
| #include <stdio.h>
| #ifdef HAVE_SYS_TYPES_H
| # include <sys/types.h>
| #endif
| #ifdef HAVE_SYS_STAT_H
| # include <sys/stat.h>
| #endif
| #ifdef STDC_HEADERS
| # include <stdlib.h>
| # include <stddef.h>
| #else
| # ifdef HAVE_STDLIB_H
| #  include <stdlib.h>
| # endif
| #endif
| #ifdef HAVE_STRING_H
| # if !defined STDC_HEADERS && defined HAVE_MEMORY_H
| #  include <memory.h>
| # endif
| # include <string.h>
| #endif
| #ifdef HAVE_STRINGS_H
| # include <strings.h>
| #endif
| #ifdef HAVE_INTTYPES_H
| # include <inttypes.h>
| #endif
| #ifdef HAVE_STDINT_H
| # include <stdint.h>
| #endif
| #ifdef HAVE_UNISTD_H
| # include <unistd.h>
| #endif
| #include <cstdint>
configure:3891: result: no
configure:3895: checking cstdint presence
configure:3910: g++ -E  conftest.cpp
conftest.cpp:20:19: error: cstdint: No such file or directory
configure:3917: $? = 1
configure: failed program was:
| /* confdefs.h.  */
| #define PACKAGE_NAME "tesla"
| #define PACKAGE_TARNAME "tesla"
| #define PACKAGE_VERSION "1.0"
| #define PACKAGE_STRING "tesla 1.0"
| #define PACKAGE_BUGREPORT "tela@expedia.com"
| #define PACKAGE "tesla"
| #define VERSION "1.0"
| #define STDC_HEADERS 1
| #define HAVE_SYS_TYPES_H 1
| #define HAVE_SYS_STAT_H 1
| #define HAVE_STDLIB_H 1
| #define HAVE_STRING_H 1
| #define HAVE_MEMORY_H 1
| #define HAVE_STRINGS_H 1
| #define HAVE_INTTYPES_H 1
| #define HAVE_STDINT_H 1
| #define HAVE_UNISTD_H 1
| /* end confdefs.h.  */
| #include <cstdint>
configure:3931: result: no
configure:3964: checking for cstdint
configure:3971: result: no
configure:4011: checking for cppunit-config
configure:4029: found /usr/local/bin/cppunit-config
configure:4042: result: /usr/local/bin/cppunit-config
configure:4052: checking for Cppunit - version >= 1.10.2
configure:4098: result: 1.12.1
configure:4129: checking build system type
configure:4147: result: i386-apple-darwin13.4.0
configure:4169: checking host system type
configure:4184: result: i386-apple-darwin13.4.0
configure:4256: checking for boostlib >= 1.53
configure:4349: g++ -c -g -O2  -I/usr/local/include conftest.cpp >&5
configure:4356: $? = 0
configure:4362: result: yes
configure:4595: checking for gcc
configure:4611: found /usr/bin/gcc
configure:4622: result: gcc
configure:4854: checking for C compiler version
configure:4862: gcc --version >&5
i686-apple-darwin11-llvm-gcc-4.2 (GCC) 4.2.1 (Based on Apple Inc. build 5658) (LLVM build 2335.15.00)
Copyright (C) 2007 Free Software Foundation, Inc.
This is free software; see the source for copying conditions.  There is NO
warranty; not even for MERCHANTABILITY or FITNESS FOR A PARTICULAR PURPOSE.

configure:4866: $? = 0
configure:4873: gcc -v >&5
Using built-in specs.
Target: i686-apple-darwin11
Configured with: /private/var/tmp/llvmgcc42/llvmgcc42-2335.15~25/src/configure --disable-checking --enable-werror --prefix=/Developer/usr/llvm-gcc-4.2 --mandir=/share/man --enable-languages=c,objc,c++,obj-c++ --program-prefix=llvm- --program-transform-name=/^[cg][^.-]*$/s/$/-4.2/ --with-slibdir=/usr/lib --build=i686-apple-darwin11 --enable-llvm=/private/var/tmp/llvmgcc42/llvmgcc42-2335.15~25/dst-llvmCore/Developer/usr/local --program-prefix=i686-apple-darwin11- --host=x86_64-apple-darwin11 --target=i686-apple-darwin11 --with-gxx-include-dir=/usr/include/c++/4.2.1
Thread model: posix
gcc version 4.2.1 (Based on Apple Inc. build 5658) (LLVM build 2335.15.00)
configure:4877: $? = 0
configure:4884: gcc -V >&5
llvm-gcc-4.2: argument to `-V' is missing
configure:4888: $? = 1
configure:4891: checking whether we are using the GNU C compiler
configure:4920: gcc -c   conftest.c >&5
configure:4927: $? = 0
configure:4944: result: yes
configure:4953: checking whether gcc accepts -g
configure:4983: gcc -c -g  conftest.c >&5
configure:4990: $? = 0
configure:5091: result: yes
configure:5108: checking for gcc option to accept ISO C89
configure:5182: gcc  -c -g -O2  conftest.c >&5
configure:5189: $? = 0
configure:5212: result: none needed
configure:5232: checking dependency style of gcc
configure:5342: result: gcc3
configure:5388: checking whether the Boost::IOStreams library is available
configure:5426: g++ -c -g -O2  -I/usr/local/include conftest.cpp >&5
configure:5433: $? = 0
configure:5455: result: yes
configure:5468: checking for exit in -lboost_iostreams
configure:5503: g++ -o conftest -g -O2  -I/usr/local/include  -L/usr/local/lib conftest.cpp -lboost_iostreams   >&5
configure:5510: $? = 0
configure:5533: result: yes
configure:5719: checking for ANSI C header files
configure:5887: result: yes
configure:5899: checking for stdbool.h that conforms to C99
configure:5994: g++ -c -g -O2  conftest.cpp >&5
configure:6001: $? = 0
configure:6016: result: yes
configure:6018: checking for _Bool
configure:6046: g++ -c -g -O2  conftest.cpp >&5
conftest.cpp: In function 'int main()':
conftest.cpp:59: error: '_Bool' was not declared in this scope
configure:6053: $? = 1
configure: failed program was:
| /* confdefs.h.  */
| #define PACKAGE_NAME "tesla"
| #define PACKAGE_TARNAME "tesla"
| #define PACKAGE_VERSION "1.0"
| #define PACKAGE_STRING "tesla 1.0"
| #define PACKAGE_BUGREPORT "tela@expedia.com"
| #define PACKAGE "tesla"
| #define VERSION "1.0"
| #define STDC_HEADERS 1
| #define HAVE_SYS_TYPES_H 1
| #define HAVE_SYS_STAT_H 1
| #define HAVE_STDLIB_H 1
| #define HAVE_STRING_H 1
| #define HAVE_MEMORY_H 1
| #define HAVE_STRINGS_H 1
| #define HAVE_INTTYPES_H 1
| #define HAVE_STDINT_H 1
| #define HAVE_UNISTD_H 1
| #define HAVE_BOOST /**/
| #define HAVE_BOOST_IOSTREAMS /**/
| #define STDC_HEADERS 1
| /* end confdefs.h.  */
| #include <stdio.h>
| #ifdef HAVE_SYS_TYPES_H
| # include <sys/types.h>
| #endif
| #ifdef HAVE_SYS_STAT_H
| # include <sys/stat.h>
| #endif
| #ifdef STDC_HEADERS
| # include <stdlib.h>
| # include <stddef.h>
| #else
| # ifdef HAVE_STDLIB_H
| #  include <stdlib.h>
| # endif
| #endif
| #ifdef HAVE_STRING_H
| # if !defined STDC_HEADERS && defined HAVE_MEMORY_H
| #  include <memory.h>
| # endif
| # include <string.h>
| #endif
| #ifdef HAVE_STRINGS_H
| # include <strings.h>
| #endif
| #ifdef HAVE_INTTYPES_H
| # include <inttypes.h>
| #endif
| #ifdef HAVE_STDINT_H
| # include <stdint.h>
| #endif
| #ifdef HAVE_UNISTD_H
| # include <unistd.h>
| #endif
| int
| main ()
| {
| if (sizeof (_Bool))
|        return 0;
|   ;
|   return 0;
| }
configure:6110: result: no
configure:6129: checking for an ANSI C-conforming const
configure:6204: g++ -c -g -O2  conftest.cpp >&5
configure:6211: $? = 0
configure:6226: result: yes
configure:6237: checking for int16_t
configure:6268: g++ -c -g -O2  conftest.cpp >&5
configure:6275: $? = 0
configure:6304: g++ -c -g -O2  conftest.cpp >&5
conftest.cpp: In function 'int main()':
conftest.cpp:61: error: size of array 'test_array' is negative
configure:6311: $? = 1
configure: failed program was:
| /* confdefs.h.  */
| #define PACKAGE_NAME "tesla"
| #define PACKAGE_TARNAME "tesla"
| #define PACKAGE_VERSION "1.0"
| #define PACKAGE_STRING "tesla 1.0"
| #define PACKAGE_BUGREPORT "tela@expedia.com"
| #define PACKAGE "tesla"
| #define VERSION "1.0"
| #define STDC_HEADERS 1
| #define HAVE_SYS_TYPES_H 1
| #define HAVE_SYS_STAT_H 1
| #define HAVE_STDLIB_H 1
| #define HAVE_STRING_H 1
| #define HAVE_MEMORY_H 1
| #define HAVE_STRINGS_H 1
| #define HAVE_INTTYPES_H 1
| #define HAVE_STDINT_H 1
| #define HAVE_UNISTD_H 1
| #define HAVE_BOOST /**/
| #define HAVE_BOOST_IOSTREAMS /**/
| #define STDC_HEADERS 1
| #define HAVE_STDBOOL_H 1
| /* end confdefs.h.  */
| #include <stdio.h>
| #ifdef HAVE_SYS_TYPES_H
| # include <sys/types.h>
| #endif
| #ifdef HAVE_SYS_STAT_H
| # include <sys/stat.h>
| #endif
| #ifdef STDC_HEADERS
| # include <stdlib.h>
| # include <stddef.h>
| #else
| # ifdef HAVE_STDLIB_H
| #  include <stdlib.h>
| # endif
| #endif
| #ifdef HAVE_STRING_H
| # if !defined STDC_HEADERS && defined HAVE_MEMORY_H
| #  include <memory.h>
| # endif
| # include <string.h>
| #endif
| #ifdef HAVE_STRINGS_H
| # include <strings.h>
| #endif
| #ifdef HAVE_INTTYPES_H
| # include <inttypes.h>
| #endif
| #ifdef HAVE_STDINT_H
| # include <stdint.h>
| #endif
| #ifdef HAVE_UNISTD_H
| # include <unistd.h>
| #endif
| int
| main ()
| {
| static int test_array [1 - 2 * !((int16_t) ((((int16_t) 1 << (16 - 2)) - 1) * 2 + 1)
| 		 < (int16_t) ((((int16_t) 1 << (16 - 2)) - 1) * 2 + 2))];
| test_array [0] = 0
| 
|   ;
|   return 0;
| }
configure:6340: result: yes
configure:6353: checking for int32_t
configure:6384: g++ -c -g -O2  conftest.cpp >&5
configure:6391: $? = 0
configure:6420: g++ -c -g -O2  conftest.cpp >&5
conftest.cpp: In function 'int main()':
conftest.cpp:61: error: size of array 'test_array' is negative
configure:6427: $? = 1
configure: failed program was:
| /* confdefs.h.  */
| #define PACKAGE_NAME "tesla"
| #define PACKAGE_TARNAME "tesla"
| #define PACKAGE_VERSION "1.0"
| #define PACKAGE_STRING "tesla 1.0"
| #define PACKAGE_BUGREPORT "tela@expedia.com"
| #define PACKAGE "tesla"
| #define VERSION "1.0"
| #define STDC_HEADERS 1
| #define HAVE_SYS_TYPES_H 1
| #define HAVE_SYS_STAT_H 1
| #define HAVE_STDLIB_H 1
| #define HAVE_STRING_H 1
| #define HAVE_MEMORY_H 1
| #define HAVE_STRINGS_H 1
| #define HAVE_INTTYPES_H 1
| #define HAVE_STDINT_H 1
| #define HAVE_UNISTD_H 1
| #define HAVE_BOOST /**/
| #define HAVE_BOOST_IOSTREAMS /**/
| #define STDC_HEADERS 1
| #define HAVE_STDBOOL_H 1
| /* end confdefs.h.  */
| #include <stdio.h>
| #ifdef HAVE_SYS_TYPES_H
| # include <sys/types.h>
| #endif
| #ifdef HAVE_SYS_STAT_H
| # include <sys/stat.h>
| #endif
| #ifdef STDC_HEADERS
| # include <stdlib.h>
| # include <stddef.h>
| #else
| # ifdef HAVE_STDLIB_H
| #  include <stdlib.h>
| # endif
| #endif
| #ifdef HAVE_STRING_H
| # if !defined STDC_HEADERS && defined HAVE_MEMORY_H
| #  include <memory.h>
| # endif
| # include <string.h>
| #endif
| #ifdef HAVE_STRINGS_H
| # include <strings.h>
| #endif
| #ifdef HAVE_INTTYPES_H
| # include <inttypes.h>
| #endif
| #ifdef HAVE_STDINT_H
| # include <stdint.h>
| #endif
| #ifdef HAVE_UNISTD_H
| # include <unistd.h>
| #endif
| int
| main ()
| {
| static int test_array [1 - 2 * !((int32_t) ((((int32_t) 1 << (32 - 2)) - 1) * 2 + 1)
| 		 < (int32_t) ((((int32_t) 1 << (32 - 2)) - 1) * 2 + 2))];
| test_array [0] = 0
| 
|   ;
|   return 0;
| }
configure:6456: result: yes
configure:6469: checking for int64_t
configure:6500: g++ -c -g -O2  conftest.cpp >&5
configure:6507: $? = 0
configure:6536: g++ -c -g -O2  conftest.cpp >&5
conftest.cpp: In function 'int main()':
conftest.cpp:61: error: size of array 'test_array' is negative
configure:6543: $? = 1
configure: failed program was:
| /* confdefs.h.  */
| #define PACKAGE_NAME "tesla"
| #define PACKAGE_TARNAME "tesla"
| #define PACKAGE_VERSION "1.0"
| #define PACKAGE_STRING "tesla 1.0"
| #define PACKAGE_BUGREPORT "tela@expedia.com"
| #define PACKAGE "tesla"
| #define VERSION "1.0"
| #define STDC_HEADERS 1
| #define HAVE_SYS_TYPES_H 1
| #define HAVE_SYS_STAT_H 1
| #define HAVE_STDLIB_H 1
| #define HAVE_STRING_H 1
| #define HAVE_MEMORY_H 1
| #define HAVE_STRINGS_H 1
| #define HAVE_INTTYPES_H 1
| #define HAVE_STDINT_H 1
| #define HAVE_UNISTD_H 1
| #define HAVE_BOOST /**/
| #define HAVE_BOOST_IOSTREAMS /**/
| #define STDC_HEADERS 1
| #define HAVE_STDBOOL_H 1
| /* end confdefs.h.  */
| #include <stdio.h>
| #ifdef HAVE_SYS_TYPES_H
| # include <sys/types.h>
| #endif
| #ifdef HAVE_SYS_STAT_H
| # include <sys/stat.h>
| #endif
| #ifdef STDC_HEADERS
| # include <stdlib.h>
| # include <stddef.h>
| #else
| # ifdef HAVE_STDLIB_H
| #  include <stdlib.h>
| # endif
| #endif
| #ifdef HAVE_STRING_H
| # if !defined STDC_HEADERS && defined HAVE_MEMORY_H
| #  include <memory.h>
| # endif
| # include <string.h>
| #endif
| #ifdef HAVE_STRINGS_H
| # include <strings.h>
| #endif
| #ifdef HAVE_INTTYPES_H
| # include <inttypes.h>
| #endif
| #ifdef HAVE_STDINT_H
| # include <stdint.h>
| #endif
| #ifdef HAVE_UNISTD_H
| # include <unistd.h>
| #endif
| int
| main ()
| {
| static int test_array [1 - 2 * !((int64_t) ((((int64_t) 1 << (64 - 2)) - 1) * 2 + 1)
| 		 < (int64_t) ((((int64_t) 1 << (64 - 2)) - 1) * 2 + 2))];
| test_array [0] = 0
| 
|   ;
|   return 0;
| }
configure:6572: result: yes
configure:6585: checking for int8_t
configure:6616: g++ -c -g -O2  conftest.cpp >&5
configure:6623: $? = 0
configure:6652: g++ -c -g -O2  conftest.cpp >&5
conftest.cpp: In function 'int main()':
conftest.cpp:61: error: size of array 'test_array' is negative
configure:6659: $? = 1
configure: failed program was:
| /* confdefs.h.  */
| #define PACKAGE_NAME "tesla"
| #define PACKAGE_TARNAME "tesla"
| #define PACKAGE_VERSION "1.0"
| #define PACKAGE_STRING "tesla 1.0"
| #define PACKAGE_BUGREPORT "tela@expedia.com"
| #define PACKAGE "tesla"
| #define VERSION "1.0"
| #define STDC_HEADERS 1
| #define HAVE_SYS_TYPES_H 1
| #define HAVE_SYS_STAT_H 1
| #define HAVE_STDLIB_H 1
| #define HAVE_STRING_H 1
| #define HAVE_MEMORY_H 1
| #define HAVE_STRINGS_H 1
| #define HAVE_INTTYPES_H 1
| #define HAVE_STDINT_H 1
| #define HAVE_UNISTD_H 1
| #define HAVE_BOOST /**/
| #define HAVE_BOOST_IOSTREAMS /**/
| #define STDC_HEADERS 1
| #define HAVE_STDBOOL_H 1
| /* end confdefs.h.  */
| #include <stdio.h>
| #ifdef HAVE_SYS_TYPES_H
| # include <sys/types.h>
| #endif
| #ifdef HAVE_SYS_STAT_H
| # include <sys/stat.h>
| #endif
| #ifdef STDC_HEADERS
| # include <stdlib.h>
| # include <stddef.h>
| #else
| # ifdef HAVE_STDLIB_H
| #  include <stdlib.h>
| # endif
| #endif
| #ifdef HAVE_STRING_H
| # if !defined STDC_HEADERS && defined HAVE_MEMORY_H
| #  include <memory.h>
| # endif
| # include <string.h>
| #endif
| #ifdef HAVE_STRINGS_H
| # include <strings.h>
| #endif
| #ifdef HAVE_INTTYPES_H
| # include <inttypes.h>
| #endif
| #ifdef HAVE_STDINT_H
| # include <stdint.h>
| #endif
| #ifdef HAVE_UNISTD_H
| # include <unistd.h>
| #endif
| int
| main ()
| {
| static int test_array [1 - 2 * !((int8_t) ((((int8_t) 1 << (8 - 2)) - 1) * 2 + 1)
| 		 < (int8_t) ((((int8_t) 1 << (8 - 2)) - 1) * 2 + 2))];
| test_array [0] = 0
| 
|   ;
|   return 0;
| }
configure:6688: result: yes
configure:6700: checking for size_t
configure:6728: g++ -c -g -O2  conftest.cpp >&5
configure:6735: $? = 0
configure:6762: g++ -c -g -O2  conftest.cpp >&5
conftest.cpp: In function 'int main()':
conftest.cpp:60: error: expected primary-expression before ')' token
configure:6769: $? = 1
configure: failed program was:
| /* confdefs.h.  */
| #define PACKAGE_NAME "tesla"
| #define PACKAGE_TARNAME "tesla"
| #define PACKAGE_VERSION "1.0"
| #define PACKAGE_STRING "tesla 1.0"
| #define PACKAGE_BUGREPORT "tela@expedia.com"
| #define PACKAGE "tesla"
| #define VERSION "1.0"
| #define STDC_HEADERS 1
| #define HAVE_SYS_TYPES_H 1
| #define HAVE_SYS_STAT_H 1
| #define HAVE_STDLIB_H 1
| #define HAVE_STRING_H 1
| #define HAVE_MEMORY_H 1
| #define HAVE_STRINGS_H 1
| #define HAVE_INTTYPES_H 1
| #define HAVE_STDINT_H 1
| #define HAVE_UNISTD_H 1
| #define HAVE_BOOST /**/
| #define HAVE_BOOST_IOSTREAMS /**/
| #define STDC_HEADERS 1
| #define HAVE_STDBOOL_H 1
| /* end confdefs.h.  */
| #include <stdio.h>
| #ifdef HAVE_SYS_TYPES_H
| # include <sys/types.h>
| #endif
| #ifdef HAVE_SYS_STAT_H
| # include <sys/stat.h>
| #endif
| #ifdef STDC_HEADERS
| # include <stdlib.h>
| # include <stddef.h>
| #else
| # ifdef HAVE_STDLIB_H
| #  include <stdlib.h>
| # endif
| #endif
| #ifdef HAVE_STRING_H
| # if !defined STDC_HEADERS && defined HAVE_MEMORY_H
| #  include <memory.h>
| # endif
| # include <string.h>
| #endif
| #ifdef HAVE_STRINGS_H
| # include <strings.h>
| #endif
| #ifdef HAVE_INTTYPES_H
| # include <inttypes.h>
| #endif
| #ifdef HAVE_STDINT_H
| # include <stdint.h>
| #endif
| #ifdef HAVE_UNISTD_H
| # include <unistd.h>
| #endif
| int
| main ()
| {
| if (sizeof ((size_t)))
| 	  return 0;
|   ;
|   return 0;
| }
configure:6792: result: yes
configure:6805: checking for uint16_t
configure:6836: g++ -c -g -O2  conftest.cpp >&5
configure:6843: $? = 0
configure:6864: result: yes
configure:6878: checking for uint32_t
configure:6909: g++ -c -g -O2  conftest.cpp >&5
configure:6916: $? = 0
configure:6937: result: yes
configure:6955: checking for uint64_t
configure:6986: g++ -c -g -O2  conftest.cpp >&5
configure:6993: $? = 0
configure:7014: result: yes
configure:7032: checking for uint8_t
configure:7063: g++ -c -g -O2  conftest.cpp >&5
configure:7070: $? = 0
configure:7091: result: yes
configure:7111: checking for boost shared ptr
configure:7136: g++ -c -g -O2  conftest.cpp >&5
configure:7143: $? = 0
configure:7149: result: yes
configure:7173: checking if g++ supports C++0x features without additional flags
configure:7220: g++ -c -g -O2  conftest.cpp >&5
conftest.cpp:29: error: expected identifier before 'sizeof'
conftest.cpp:29: error: expected ',' or '...' before 'sizeof'
conftest.cpp:29: error: ISO C++ forbids declaration of 'static_assert' with no type
conftest.cpp:32: error: '>>' should be '> >' within a nested template argument list
conftest.cpp:35: error: expected constructor, destructor, or type conversion before '(' token
conftest.cpp:39: error: expected unqualified-id before '&&' token
configure:7227: $? = 1
configure: failed program was:
| /* confdefs.h.  */
| #define PACKAGE_NAME "tesla"
| #define PACKAGE_TARNAME "tesla"
| #define PACKAGE_VERSION "1.0"
| #define PACKAGE_STRING "tesla 1.0"
| #define PACKAGE_BUGREPORT "tela@expedia.com"
| #define PACKAGE "tesla"
| #define VERSION "1.0"
| #define STDC_HEADERS 1
| #define HAVE_SYS_TYPES_H 1
| #define HAVE_SYS_STAT_H 1
| #define HAVE_STDLIB_H 1
| #define HAVE_STRING_H 1
| #define HAVE_MEMORY_H 1
| #define HAVE_STRINGS_H 1
| #define HAVE_INTTYPES_H 1
| #define HAVE_STDINT_H 1
| #define HAVE_UNISTD_H 1
| #define HAVE_BOOST /**/
| #define HAVE_BOOST_IOSTREAMS /**/
| #define STDC_HEADERS 1
| #define HAVE_STDBOOL_H 1
| #define SHAREDPTR_BOOST 1
| /* end confdefs.h.  */
| 
|   template <typename T>
|     struct check
|     {
|       static_assert(sizeof(int) <= sizeof(T), "not big enough");
|     };
| 
|     typedef check<check<bool>> right_angle_brackets;
| 
|     int a;
|     decltype(a) b;
| 
|     typedef check<int> check_type;
|     check_type c;
|     check_type&& cr = static_cast<check_type&&>(c);
| int
| main ()
| {
| 
|   ;
|   return 0;
| }
configure:7249: result: no
configure:7252: checking if g++ supports C++0x features with -std=c++0x
configure:7301: g++ -c -g -O2 -std=c++0x  conftest.cpp >&5
cc1plus: error: unrecognized command line option "-std=c++0x"
configure:7308: $? = 1
configure: failed program was:
| /* confdefs.h.  */
| #define PACKAGE_NAME "tesla"
| #define PACKAGE_TARNAME "tesla"
| #define PACKAGE_VERSION "1.0"
| #define PACKAGE_STRING "tesla 1.0"
| #define PACKAGE_BUGREPORT "tela@expedia.com"
| #define PACKAGE "tesla"
| #define VERSION "1.0"
| #define STDC_HEADERS 1
| #define HAVE_SYS_TYPES_H 1
| #define HAVE_SYS_STAT_H 1
| #define HAVE_STDLIB_H 1
| #define HAVE_STRING_H 1
| #define HAVE_MEMORY_H 1
| #define HAVE_STRINGS_H 1
| #define HAVE_INTTYPES_H 1
| #define HAVE_STDINT_H 1
| #define HAVE_UNISTD_H 1
| #define HAVE_BOOST /**/
| #define HAVE_BOOST_IOSTREAMS /**/
| #define STDC_HEADERS 1
| #define HAVE_STDBOOL_H 1
| #define SHAREDPTR_BOOST 1
| /* end confdefs.h.  */
| 
|   template <typename T>
|     struct check
|     {
|       static_assert(sizeof(int) <= sizeof(T), "not big enough");
|     };
| 
|     typedef check<check<bool>> right_angle_brackets;
| 
|     int a;
|     decltype(a) b;
| 
|     typedef check<int> check_type;
|     check_type c;
|     check_type&& cr = static_cast<check_type&&>(c);
| int
| main ()
| {
| 
|   ;
|   return 0;
| }
configure:7331: result: no
configure:7334: checking if g++ supports C++0x features with -std=gnu++0x
configure:7383: g++ -c -g -O2 -std=gnu++0x  conftest.cpp >&5
cc1plus: error: unrecognized command line option "-std=gnu++0x"
configure:7390: $? = 1
configure: failed program was:
| /* confdefs.h.  */
| #define PACKAGE_NAME "tesla"
| #define PACKAGE_TARNAME "tesla"
| #define PACKAGE_VERSION "1.0"
| #define PACKAGE_STRING "tesla 1.0"
| #define PACKAGE_BUGREPORT "tela@expedia.com"
| #define PACKAGE "tesla"
| #define VERSION "1.0"
| #define STDC_HEADERS 1
| #define HAVE_SYS_TYPES_H 1
| #define HAVE_SYS_STAT_H 1
| #define HAVE_STDLIB_H 1
| #define HAVE_STRING_H 1
| #define HAVE_MEMORY_H 1
| #define HAVE_STRINGS_H 1
| #define HAVE_INTTYPES_H 1
| #define HAVE_STDINT_H 1
| #define HAVE_UNISTD_H 1
| #define HAVE_BOOST /**/
| #define HAVE_BOOST_IOSTREAMS /**/
| #define STDC_HEADERS 1
| #define HAVE_STDBOOL_H 1
| #define SHAREDPTR_BOOST 1
| /* end confdefs.h.  */
| 
|   template <typename T>
|     struct check
|     {
|       static_assert(sizeof(int) <= sizeof(T), "not big enough");
|     };
| 
|     typedef check<check<bool>> right_angle_brackets;
| 
|     int a;
|     decltype(a) b;
| 
|     typedef check<int> check_type;
|     check_type c;
|     check_type&& cr = static_cast<check_type&&>(c);
| int
| main ()
| {
| 
|   ;
|   return 0;
| }
configure:7413: result: no
configure:7564: creating ./config.status

## ---------------------- ##
## Running config.status. ##
## ---------------------- ##

This file was extended by tesla config.status 1.0, which was
generated by GNU Autoconf 2.63.  Invocation command line was

  CONFIG_FILES    = 
  CONFIG_HEADERS  = 
  CONFIG_LINKS    = 
  CONFIG_COMMANDS = 
  $ ./config.status 

on BELC02KK1L0FFT3.sea.corp.expecn.com

config.status:797: creating Makefile
config.status:797: creating test/Makefile
config.status:797: creating config.h
config.status:1071: executing depfiles commands

## ---------------- ##
## Cache variables. ##
## ---------------- ##

ac_cv_build=i386-apple-darwin13.4.0
ac_cv_c_compiler_gnu=yes
ac_cv_c_const=yes
ac_cv_c_int16_t=yes
ac_cv_c_int32_t=yes
ac_cv_c_int64_t=yes
ac_cv_c_int8_t=yes
ac_cv_c_uint16_t=yes
ac_cv_c_uint32_t=yes
ac_cv_c_uint64_t=yes
ac_cv_c_uint8_t=yes
ac_cv_cxx_compiler_gnu=yes
ac_cv_env_CCC_set=
ac_cv_env_CCC_value=
ac_cv_env_CC_set=
ac_cv_env_CC_value=
ac_cv_env_CFLAGS_set=
ac_cv_env_CFLAGS_value=
ac_cv_env_CPPFLAGS_set=
ac_cv_env_CPPFLAGS_value=
ac_cv_env_CXXCPP_set=
ac_cv_env_CXXCPP_value=
ac_cv_env_CXXFLAGS_set=
ac_cv_env_CXXFLAGS_value=
ac_cv_env_CXX_set=
ac_cv_env_CXX_value=
ac_cv_env_LDFLAGS_set=
ac_cv_env_LDFLAGS_value=
ac_cv_env_LIBS_set=
ac_cv_env_LIBS_value=
ac_cv_env_build_alias_set=
ac_cv_env_build_alias_value=
ac_cv_env_host_alias_set=
ac_cv_env_host_alias_value=
ac_cv_env_target_alias_set=
ac_cv_env_target_alias_value=
ac_cv_header_cstdint=no
ac_cv_header_inttypes_h=yes
ac_cv_header_memory_h=yes
ac_cv_header_stdbool_h=yes
ac_cv_header_stdc=yes
ac_cv_header_stdint_h=yes
ac_cv_header_stdlib_h=yes
ac_cv_header_string_h=yes
ac_cv_header_strings_h=yes
ac_cv_header_sys_stat_h=yes
ac_cv_header_sys_types_h=yes
ac_cv_header_unistd_h=yes
ac_cv_host=i386-apple-darwin13.4.0
ac_cv_lib_boost_iostreams___exit=yes
ac_cv_objext=o
ac_cv_path_CPPUNIT_CONFIG=/usr/local/bin/cppunit-config
ac_cv_path_EGREP='/usr/bin/grep -E'
ac_cv_path_GREP=/usr/bin/grep
ac_cv_path_install='/usr/bin/install -c'
ac_cv_prog_AWK=awk
ac_cv_prog_CXXCPP='g++ -E'
ac_cv_prog_ac_ct_CC=gcc
ac_cv_prog_ac_ct_CXX=g++
ac_cv_prog_cc_c89=
ac_cv_prog_cc_g=yes
ac_cv_prog_cxx_g=yes
ac_cv_prog_make_make_set=yes
ac_cv_type__Bool=no
ac_cv_type_size_t=yes
am_cv_CC_dependencies_compiler_type=gcc3
am_cv_CXX_dependencies_compiler_type=gcc3
ax_cv_boost_iostreams=yes
ax_cv_cxx_compile_cxx0x_cxx=no
ax_cv_cxx_compile_cxx0x_gxx=no
ax_cv_cxx_compile_cxx0x_native=no

## ----------------- ##
## Output variables. ##
## ----------------- ##

ACLOCAL='aclocal -I /usr/local/share/aclocal'
AMDEPBACKSLASH='\'
AMDEP_FALSE='#'
AMDEP_TRUE=''
AMTAR='${SHELL} /Users/yzuo/src/tesla/opensource/tesla-1.0/missing --run tar'
AUTOCONF='${SHELL} /Users/yzuo/src/tesla/opensource/tesla-1.0/missing --run autoconf'
AUTOHEADER='${SHELL} /Users/yzuo/src/tesla/opensource/tesla-1.0/missing --run autoheader'
AUTOMAKE='${SHELL} /Users/yzuo/src/tesla/opensource/tesla-1.0/missing --run automake-1.11'
AWK='awk'
BOOST_CPPFLAGS='-I/usr/local/include'
BOOST_IOSTREAMS_LIB='-lboost_iostreams'
BOOST_LDFLAGS='-L/usr/local/lib'
CC='gcc'
CCDEPMODE='depmode=gcc3'
CFLAGS='-g -O2'
CPPFLAGS=''
CPPUNIT_CFLAGS='-I/usr/local/include'
CPPUNIT_CONFIG='/usr/local/bin/cppunit-config'
CPPUNIT_LIBS='-L/usr/local/lib -lcppunit -ldl'
CXX='g++'
CXXCPP='g++ -E'
CXXDEPMODE='depmode=gcc3'
CXXFLAGS='-g -O2'
CYGPATH_W='echo'
DEFS='-DHAVE_CONFIG_H'
DEPDIR='.deps'
ECHO_C='\c'
ECHO_N=''
ECHO_T=''
EGREP='/usr/bin/grep -E'
EXEEXT=''
GREP='/usr/bin/grep'
INSTALL_DATA='${INSTALL} -m 644'
INSTALL_PROGRAM='${INSTALL}'
INSTALL_SCRIPT='${INSTALL}'
INSTALL_STRIP_PROGRAM='$(install_sh) -c -s'
LDFLAGS=''
LIBOBJS=''
LIBS=''
LTLIBOBJS=''
MAKEINFO='${SHELL} /Users/yzuo/src/tesla/opensource/tesla-1.0/missing --run makeinfo'
MKDIR_P='./install-sh -c -d'
OBJEXT='o'
PACKAGE='tesla'
PACKAGE_BUGREPORT='tela@expedia.com'
PACKAGE_NAME='tesla'
PACKAGE_STRING='tesla 1.0'
PACKAGE_TARNAME='tesla'
PACKAGE_VERSION='1.0'
PATH_SEPARATOR=':'
SET_MAKE=''
SHELL='/bin/sh'
STRIP=''
VERSION='1.0'
ac_ct_CC='gcc'
ac_ct_CXX='g++'
am__EXEEXT_FALSE=''
am__EXEEXT_TRUE='#'
am__fastdepCC_FALSE='#'
am__fastdepCC_TRUE=''
am__fastdepCXX_FALSE='#'
am__fastdepCXX_TRUE=''
am__include='include'
am__isrc=''
am__leading_dot='.'
am__quote=''
am__tar='${AMTAR} chof - "$$tardir"'
am__untar='${AMTAR} xf -'
bindir='${exec_prefix}/bin'
build='i386-apple-darwin13.4.0'
build_alias=''
build_cpu='i386'
build_os='darwin13.4.0'
build_vendor='apple'
datadir='${datarootdir}'
datarootdir='${prefix}/share'
docdir='${datarootdir}/doc/${PACKAGE_TARNAME}'
dvidir='${docdir}'
exec_prefix='${prefix}'
host='i386-apple-darwin13.4.0'
host_alias=''
host_cpu='i386'
host_os='darwin13.4.0'
host_vendor='apple'
htmldir='${docdir}'
includedir='${prefix}/include'
infodir='${datarootdir}/info'
install_sh='${SHELL} /Users/yzuo/src/tesla/opensource/tesla-1.0/install-sh'
libdir='${exec_prefix}/lib'
libexecdir='${exec_prefix}/libexec'
localedir='${datarootdir}/locale'
localstatedir='${prefix}/var'
mandir='${datarootdir}/man'
mkdir_p='$(top_builddir)/./install-sh -c -d'
oldincludedir='/usr/include'
pdfdir='${docdir}'
prefix='/usr/local'
program_transform_name='s,x,x,'
psdir='${docdir}'
sbindir='${exec_prefix}/sbin'
sharedstatedir='${prefix}/com'
sysconfdir='${prefix}/etc'
target_alias=''

## ----------- ##
## confdefs.h. ##
## ----------- ##

#define PACKAGE_NAME "tesla"
#define PACKAGE_TARNAME "tesla"
#define PACKAGE_VERSION "1.0"
#define PACKAGE_STRING "tesla 1.0"
#define PACKAGE_BUGREPORT "tela@expedia.com"
#define PACKAGE "tesla"
#define VERSION "1.0"
#define STDC_HEADERS 1
#define HAVE_SYS_TYPES_H 1
#define HAVE_SYS_STAT_H 1
#define HAVE_STDLIB_H 1
#define HAVE_STRING_H 1
#define HAVE_MEMORY_H 1
#define HAVE_STRINGS_H 1
#define HAVE_INTTYPES_H 1
#define HAVE_STDINT_H 1
#define HAVE_UNISTD_H 1
#define HAVE_BOOST /**/
#define HAVE_BOOST_IOSTREAMS /**/
#define STDC_HEADERS 1
#define HAVE_STDBOOL_H 1
#define SHAREDPTR_BOOST 1

configure: exit 0
